[23-Jun-2016 15:55:52 UTC] PHP Notice:  Undefined index: DepType in /home/dev01/public_html/wp-content/plugins/event_search/apiCall.php on line 8
[23-Jun-2016 15:55:52 UTC] PHP Notice:  Undefined index: keywords in /home/dev01/public_html/wp-content/plugins/event_search/apiCall.php on line 9
[23-Jun-2016 15:55:52 UTC] PHP Notice:  Undefined index: speakerName in /home/dev01/public_html/wp-content/plugins/event_search/apiCall.php on line 10
[23-Jun-2016 15:55:52 UTC] PHP Notice:  Undefined index: country in /home/dev01/public_html/wp-content/plugins/event_search/apiCall.php on line 12
[23-Jun-2016 15:55:52 UTC] PHP Notice:  Undefined index: startDate in /home/dev01/public_html/wp-content/plugins/event_search/apiCall.php on line 15
[23-Jun-2016 15:55:52 UTC] PHP Notice:  Undefined index: endDate in /home/dev01/public_html/wp-content/plugins/event_search/apiCall.php on line 16
[23-Jun-2016 15:55:52 UTC] PHP Notice:  Undefined index: venue in /home/dev01/public_html/wp-content/plugins/event_search/apiCall.php on line 17
[23-Jun-2016 15:55:52 UTC] PHP Notice:  Undefined index: radius in /home/dev01/public_html/wp-content/plugins/event_search/apiCall.php on line 18
[23-Jun-2016 15:55:52 UTC] PHP Notice:  Undefined index: postCode in /home/dev01/public_html/wp-content/plugins/event_search/apiCall.php on line 19
[23-Jun-2016 15:55:52 UTC] PHP Notice:  Undefined property: infinitySOAP::$location in /home/dev01/public_html/wp-content/plugins/event_search/infinity.php on line 48
[23-Jun-2016 15:55:52 UTC] PHP Notice:  Undefined property: infinitySOAP::$headers in /home/dev01/public_html/wp-content/plugins/event_search/infinity.php on line 48
[23-Jun-2016 15:55:52 UTC] PHP Notice:  Undefined variable: result in /home/dev01/public_html/wp-content/plugins/event_search/infinity.php on line 75
[23-Jun-2016 15:55:52 UTC] PHP Notice:  Trying to get property of non-object in /home/dev01/public_html/wp-content/plugins/event_search/infinity.php on line 75
[23-Jun-2016 15:55:52 UTC] PHP Notice:  Trying to get property of non-object in /home/dev01/public_html/wp-content/plugins/event_search/infinity.php on line 75
[23-Jun-2016 16:05:44 UTC] PHP Notice:  Undefined index: HTTP_X_REQUESTED_WITH in /home/dev01/public_html/wp-content/plugins/event_search/apiCall.php on line 4
[23-Jun-2016 16:06:02 UTC] PHP Notice:  Undefined index: HTTP_X_REQUESTED_WITH in /home/dev01/public_html/wp-content/plugins/event_search/apiCall.php on line 4
[23-Jun-2016 16:06:09 UTC] PHP Notice:  Undefined index: HTTP_X_REQUESTED_WITH in /home/dev01/public_html/wp-content/plugins/event_search/apiCall.php on line 4
[23-Jun-2016 16:06:13 UTC] PHP Notice:  Undefined index: HTTP_X_REQUESTED_WITH in /home/dev01/public_html/wp-content/plugins/event_search/apiCall.php on line 4
[23-Jun-2016 16:06:20 UTC] PHP Notice:  Undefined index: HTTP_X_REQUESTED_WITH in /home/dev01/public_html/wp-content/plugins/event_search/apiCall.php on line 4
[23-Jun-2016 16:07:03 UTC] PHP Notice:  Undefined index: HTTP_X_REQUESTED_WITH in /home/dev01/public_html/wp-content/plugins/event_search/apiCall.php on line 4
[23-Jun-2016 16:07:15 UTC] PHP Notice:  Undefined index: HTTP_X_REQUESTED_WITH in /home/dev01/public_html/wp-content/plugins/event_search/apiCall.php on line 4
[23-Jun-2016 16:07:19 UTC] PHP Notice:  Undefined index: HTTP_X_REQUESTED_WITH in /home/dev01/public_html/wp-content/plugins/event_search/apiCall.php on line 4
[23-Jun-2016 16:07:25 UTC] PHP Notice:  Undefined index: HTTP_X_REQUESTED_WITH in /home/dev01/public_html/wp-content/plugins/event_search/apiCall.php on line 4
[23-Jun-2016 16:07:30 UTC] PHP Notice:  Undefined index: HTTP_X_REQUESTED_WITH in /home/dev01/public_html/wp-content/plugins/event_search/apiCall.php on line 4
[23-Jun-2016 16:07:35 UTC] PHP Notice:  Undefined index: HTTP_X_REQUESTED_WITH in /home/dev01/public_html/wp-content/plugins/event_search/apiCall.php on line 4
[23-Jun-2016 16:07:36 UTC] PHP Warning:  Cannot modify header information - headers already sent by (output started at /home/dev01/public_html/wp-content/plugins/event_search/apiCall.php:4) in /home/dev01/public_html/wp-includes/pluggable.php on line 1167
[23-Jun-2016 16:07:37 UTC] PHP Warning:  Cannot modify header information - headers already sent by (output started at /home/dev01/public_html/wp-content/plugins/event_search/apiCall.php:4) in /home/dev01/public_html/wp-includes/pluggable.php on line 1167
[23-Jun-2016 16:07:46 UTC] PHP Notice:  Undefined index: HTTP_X_REQUESTED_WITH in /home/dev01/public_html/wp-content/plugins/event_search/apiCall.php on line 4
[23-Jun-2016 16:07:58 UTC] PHP Notice:  Undefined index: HTTP_X_REQUESTED_WITH in /home/dev01/public_html/wp-content/plugins/event_search/apiCall.php on line 4
[23-Jun-2016 16:08:22 UTC] PHP Notice:  Undefined index: HTTP_X_REQUESTED_WITH in /home/dev01/public_html/wp-content/plugins/event_search/apiCall.php on line 4
[23-Jun-2016 16:08:25 UTC] PHP Notice:  Undefined index: HTTP_X_REQUESTED_WITH in /home/dev01/public_html/wp-content/plugins/event_search/apiCall.php on line 4
[23-Jun-2016 16:08:26 UTC] PHP Notice:  Undefined index: HTTP_X_REQUESTED_WITH in /home/dev01/public_html/wp-content/plugins/event_search/apiCall.php on line 4
[23-Jun-2016 16:08:30 UTC] PHP Notice:  Undefined index: HTTP_X_REQUESTED_WITH in /home/dev01/public_html/wp-content/plugins/event_search/apiCall.php on line 4
[23-Jun-2016 16:08:35 UTC] PHP Notice:  Undefined index: HTTP_X_REQUESTED_WITH in /home/dev01/public_html/wp-content/plugins/event_search/apiCall.php on line 4
[23-Jun-2016 16:08:37 UTC] PHP Notice:  Undefined index: HTTP_X_REQUESTED_WITH in /home/dev01/public_html/wp-content/plugins/event_search/apiCall.php on line 4
[23-Jun-2016 16:08:39 UTC] PHP Notice:  Undefined index: HTTP_X_REQUESTED_WITH in /home/dev01/public_html/wp-content/plugins/event_search/apiCall.php on line 4
[23-Jun-2016 16:08:39 UTC] WordPress database error You have an error in your SQL syntax; check the manual that corresponds to your MySQL server version for the right syntax to use near '`wp_PO_url_plugins' at line 1 for query DROP TABLE IF EXISTS `wp_PO_url_plugins made by delete_plugins, uninstall_plugin, include('/plugins/plugin-organizer/uninstall.php'), PO_delete_site_data
[23-Jun-2016 16:08:39 UTC] WordPress database error You have an error in your SQL syntax; check the manual that corresponds to your MySQL server version for the right syntax to use near '`wp_PO_post_plugins' at line 1 for query DROP TABLE IF EXISTS `wp_PO_post_plugins made by delete_plugins, uninstall_plugin, include('/plugins/plugin-organizer/uninstall.php'), PO_delete_site_data
[23-Jun-2016 16:08:39 UTC] WordPress database error You have an error in your SQL syntax; check the manual that corresponds to your MySQL server version for the right syntax to use near '`wp_PO_groups' at line 1 for query DROP TABLE IF EXISTS `wp_PO_groups made by delete_plugins, uninstall_plugin, include('/plugins/plugin-organizer/uninstall.php'), PO_delete_site_data
[23-Jun-2016 16:08:39 UTC] WordPress database error You have an error in your SQL syntax; check the manual that corresponds to your MySQL server version for the right syntax to use near '`wp_PO_plugins' at line 1 for query DROP TABLE IF EXISTS `wp_PO_plugins made by delete_plugins, uninstall_plugin, include('/plugins/plugin-organizer/uninstall.php'), PO_delete_site_data
[23-Jun-2016 16:08:39 UTC] PHP Warning:  Invalid argument supplied for foreach() in /home/dev01/public_html/wp-content/plugins/plugin-organizer/uninstall.php on line 65
[23-Jun-2016 16:08:39 UTC] PHP Warning:  Cannot modify header information - headers already sent by (output started at /home/dev01/public_html/wp-content/plugins/event_search/apiCall.php:4) in /home/dev01/public_html/wp-includes/pluggable.php on line 1167
[23-Jun-2016 16:08:55 UTC] PHP Notice:  Undefined index: HTTP_X_REQUESTED_WITH in /home/dev01/public_html/wp-content/plugins/event_search/apiCall.php on line 4
[23-Jun-2016 16:09:50 UTC] PHP Notice:  Undefined index: HTTP_X_REQUESTED_WITH in /home/dev01/public_html/wp-content/plugins/event_search/apiCall.php on line 4
[23-Jun-2016 16:09:58 UTC] PHP Notice:  Undefined index: HTTP_X_REQUESTED_WITH in /home/dev01/public_html/wp-content/plugins/event_search/apiCall.php on line 4
[23-Jun-2016 16:10:00 UTC] PHP Notice:  Undefined index: DepType in /home/dev01/public_html/wp-content/plugins/event_search/apiCall.php on line 8
[23-Jun-2016 16:10:00 UTC] PHP Notice:  Undefined index: keywords in /home/dev01/public_html/wp-content/plugins/event_search/apiCall.php on line 9
[23-Jun-2016 16:10:00 UTC] PHP Notice:  Undefined index: speakerName in /home/dev01/public_html/wp-content/plugins/event_search/apiCall.php on line 10
[23-Jun-2016 16:10:00 UTC] PHP Notice:  Undefined index: country in /home/dev01/public_html/wp-content/plugins/event_search/apiCall.php on line 12
[23-Jun-2016 16:10:00 UTC] PHP Notice:  Undefined index: startDate in /home/dev01/public_html/wp-content/plugins/event_search/apiCall.php on line 15
[23-Jun-2016 16:10:00 UTC] PHP Notice:  Undefined index: endDate in /home/dev01/public_html/wp-content/plugins/event_search/apiCall.php on line 16
[23-Jun-2016 16:10:00 UTC] PHP Notice:  Undefined index: venue in /home/dev01/public_html/wp-content/plugins/event_search/apiCall.php on line 17
[23-Jun-2016 16:10:00 UTC] PHP Notice:  Undefined index: radius in /home/dev01/public_html/wp-content/plugins/event_search/apiCall.php on line 18
[23-Jun-2016 16:10:00 UTC] PHP Notice:  Undefined index: postCode in /home/dev01/public_html/wp-content/plugins/event_search/apiCall.php on line 19
[23-Jun-2016 16:10:00 UTC] PHP Notice:  Undefined property: infinitySOAP::$location in /home/dev01/public_html/wp-content/plugins/event_search/infinity.php on line 48
[23-Jun-2016 16:10:00 UTC] PHP Notice:  Undefined property: infinitySOAP::$headers in /home/dev01/public_html/wp-content/plugins/event_search/infinity.php on line 48
[23-Jun-2016 16:10:00 UTC] PHP Notice:  Undefined variable: result in /home/dev01/public_html/wp-content/plugins/event_search/infinity.php on line 75
[23-Jun-2016 16:10:00 UTC] PHP Notice:  Trying to get property of non-object in /home/dev01/public_html/wp-content/plugins/event_search/infinity.php on line 75
[23-Jun-2016 16:10:00 UTC] PHP Notice:  Trying to get property of non-object in /home/dev01/public_html/wp-content/plugins/event_search/infinity.php on line 75
[23-Jun-2016 16:10:00 UTC] PHP Notice:  Undefined index: HTTP_X_REQUESTED_WITH in /home/dev01/public_html/wp-content/plugins/event_search/apiCall.php on line 4
[23-Jun-2016 16:10:24 UTC] PHP Notice:  Undefined index: HTTP_X_REQUESTED_WITH in /home/dev01/public_html/wp-content/plugins/event_search/apiCall.php on line 4
[23-Jun-2016 16:10:34 UTC] PHP Notice:  Undefined index: HTTP_X_REQUESTED_WITH in /home/dev01/public_html/wp-content/plugins/event_search/apiCall.php on line 4
[23-Jun-2016 16:10:38 UTC] PHP Notice:  Undefined index: HTTP_X_REQUESTED_WITH in /home/dev01/public_html/wp-content/plugins/event_search/apiCall.php on line 4
[23-Jun-2016 16:10:38 UTC] PHP Warning:  Cannot modify header information - headers already sent by (output started at /home/dev01/public_html/wp-content/plugins/event_search/apiCall.php:4) in /home/dev01/public_html/wp-admin/async-upload.php on line 35
